

================================================================
== Vivado HLS Report for 'DistCalc_DistCalcThread'
================================================================
* Date:           Sat Dec 28 12:54:02 2019

* Version:        2017.2 (Build 1909853 on Thu Jun 15 18:55:24 MDT 2017)
* Project:        ROGSAnne_HLS
* Solution:       solution_ROGSAnne
* Product family: zynq
* Target device:  xc7z010clg400-1


================================================================
== Performance Estimates
================================================================
+ Timing (ns): 
    * Summary: 
    +--------+-------+----------+------------+
    |  Clock | Target| Estimated| Uncertainty|
    +--------+-------+----------+------------+
    |ap_clk  |   8.00|      8.35|        1.00|
    +--------+-------+----------+------------+

+ Latency (clock cycles): 
    * Summary: 
    +-----+-----+-----+-----+---------+
    |  Latency  |  Interval | Pipeline|
    | min | max | min | max |   Type  |
    +-----+-----+-----+-----+---------+
    |    3|  143|    3|  143|   none  |
    +-----+-----+-----+-----+---------+

    + Detail: 
        * Instance: 
        N/A

        * Loop: 
        +----------+-----+-----+----------+-----------+-----------+------+----------+
        |          |  Latency  | Iteration|  Initiation Interval  | Trip |          |
        | Loop Name| min | max |  Latency |  achieved |   target  | Count| Pipelined|
        +----------+-----+-----+----------+-----------+-----------+------+----------+
        |- Loop 1  |    2|  142|  2 ~ 142 |          -|          -|  inf |    no    |
        +----------+-----+-----+----------+-----------+-----------+------+----------+



================================================================
== Utilization Estimates
================================================================
* Summary: 
+-----------------+---------+-------+-------+-------+
|       Name      | BRAM_18K| DSP48E|   FF  |  LUT  |
+-----------------+---------+-------+-------+-------+
|DSP              |        -|      -|      -|      -|
|Expression       |        -|      -|    404|    872|
|FIFO             |        -|      -|      -|      -|
|Instance         |        -|     19|   5228|   4413|
|Memory           |        -|      -|      -|      -|
|Multiplexer      |        -|      -|      -|    945|
|Register         |        -|      -|   1753|      -|
+-----------------+---------+-------+-------+-------+
|Total            |        0|     19|   7385|   6230|
+-----------------+---------+-------+-------+-------+
|Available        |      120|     80|  35200|  17600|
+-----------------+---------+-------+-------+-------+
|Utilization (%)  |        0|     23|     20|     35|
+-----------------+---------+-------+-------+-------+

+ Detail: 
    * Instance: 
    +-------------------------+----------------------+---------+-------+------+------+
    |         Instance        |        Module        | BRAM_18K| DSP48E|  FF  |  LUT |
    +-------------------------+----------------------+---------+-------+------+------+
    |DistCalc_dadd_64ncud_U1  |DistCalc_dadd_64ncud  |        0|      3|   687|  1071|
    |DistCalc_dsqrt_64eOg_U3  |DistCalc_dsqrt_64eOg  |        0|      0|  3341|  2220|
    |DistCalc_fptrunc_bkb_U0  |DistCalc_fptrunc_bkb  |        0|      0|   128|   277|
    |DistCalc_mul_32s_fYi_U4  |DistCalc_mul_32s_fYi  |        0|      4|   165|    50|
    |DistCalc_mul_32s_fYi_U5  |DistCalc_mul_32s_fYi  |        0|      4|   165|    50|
    |DistCalc_mul_32s_fYi_U6  |DistCalc_mul_32s_fYi  |        0|      4|   165|    50|
    |DistCalc_mul_32s_fYi_U7  |DistCalc_mul_32s_fYi  |        0|      4|   165|    50|
    |DistCalc_sitodp_3dEe_U2  |DistCalc_sitodp_3dEe  |        0|      0|   412|   645|
    +-------------------------+----------------------+---------+-------+------+------+
    |Total                    |                      |        0|     19|  5228|  4413|
    +-------------------------+----------------------+---------+-------+------+------+

    * DSP48: 
    N/A

    * Memory: 
    N/A

    * FIFO: 
    N/A

    * Expression: 
    +-------------------------+----------+-------+-----+----+------------+------------+
    |      Variable Name      | Operation| DSP48E|  FF | LUT| Bitwidth P0| Bitwidth P1|
    +-------------------------+----------+-------+-----+----+------------+------------+
    |grp_fu_262_p2            |     +    |      0|  101|  37|          32|          32|
    |grp_fu_268_p2            |     +    |      0|  101|  37|          32|          32|
    |grp_fu_194_p2            |     -    |      0|  101|  37|          32|          32|
    |grp_fu_200_p2            |     -    |      0|  101|  37|          32|          32|
    |icmp3_fu_316_p2          |   icmp   |      0|    0|  16|          30|           1|
    |icmp6_fu_350_p2          |   icmp   |      0|    0|  16|          29|           1|
    |icmp_fu_294_p2           |   icmp   |      0|    0|  16|          31|           1|
    |tmp_8_1_fu_300_p2        |   icmp   |      0|    0|  16|          32|           2|
    |tmp_8_3_fu_322_p2        |   icmp   |      0|    0|  16|          32|           3|
    |tmp_8_4_fu_328_p2        |   icmp   |      0|    0|  16|          32|           3|
    |tmp_8_5_fu_334_p2        |   icmp   |      0|    0|  16|          32|           3|
    |tmp_8_7_fu_356_p2        |   icmp   |      0|    0|  16|          32|           4|
    |tmp_8_8_fu_362_p2        |   icmp   |      0|    0|  16|          32|           4|
    |ap_block_state13         |    or    |      0|    0|   2|           1|           1|
    |ap_block_state2          |    or    |      0|    0|   2|           1|           1|
    |totalDist_1_1_fu_375_p3  |  select  |      0|    0|  64|           1|          64|
    |totalDist_1_2_fu_381_p3  |  select  |      0|    0|  64|           1|          64|
    |totalDist_1_3_fu_387_p3  |  select  |      0|    0|  64|           1|          64|
    |totalDist_1_4_fu_393_p3  |  select  |      0|    0|  64|           1|          64|
    |totalDist_1_5_fu_399_p3  |  select  |      0|    0|  64|           1|          64|
    |totalDist_1_6_fu_405_p3  |  select  |      0|    0|  64|           1|          64|
    |totalDist_1_7_fu_411_p3  |  select  |      0|    0|  64|           1|          64|
    |totalDist_1_8_fu_417_p3  |  select  |      0|    0|  64|           1|          64|
    |totalDist_1_fu_368_p3    |  select  |      0|    0|  64|           1|          64|
    +-------------------------+----------+-------+-----+----+------------+------------+
    |Total                    |          |      0|  404| 872|         421|         728|
    +-------------------------+----------+-------+-----+----+------------+------------+

    * Multiplexer: 
    +---------------+-----+-----------+-----+-----------+
    |      Name     | LUT | Input Size| Bits| Total Bits|
    +---------------+-----+-----------+-----+-----------+
    |ap_NS_fsm      |  797|        143|    1|        143|
    |busy           |   15|          3|    1|          3|
    |grp_fu_160_p0  |   50|          9|   64|        576|
    |grp_fu_164_p0  |   15|          3|   32|         96|
    |grp_fu_167_p1  |   50|          9|   64|        576|
    |x_blk_n        |    9|          2|    1|          2|
    |y_blk_n        |    9|          2|    1|          2|
    +---------------+-----+-----------+-----+-----------+
    |Total          |  945|        171|  164|       1398|
    +---------------+-----+-----------+-----+-----------+

    * Register: 
    +-----------------------+-----+----+-----+-----------+
    |          Name         |  FF | LUT| Bits| Const Bits|
    +-----------------------+-----+----+-----+-----------+
    |ap_CS_fsm              |  143|   0|  143|          0|
    |icmp3_reg_437          |    1|   0|    1|          0|
    |icmp6_reg_457          |    1|   0|    1|          0|
    |icmp_reg_427           |    1|   0|    1|          0|
    |reg_172                |   32|   0|   32|          0|
    |reg_176                |   32|   0|   32|          0|
    |reg_180                |   64|   0|   64|          0|
    |reg_185                |   64|   0|   64|          0|
    |reg_190                |   64|   0|   64|          0|
    |reg_206                |   32|   0|   32|          0|
    |reg_210                |   32|   0|   32|          0|
    |reg_214                |   32|   0|   32|          0|
    |reg_218                |   32|   0|   32|          0|
    |reg_246                |   32|   0|   32|          0|
    |reg_250                |   32|   0|   32|          0|
    |reg_254                |   32|   0|   32|          0|
    |reg_258                |   32|   0|   32|          0|
    |reg_274                |   32|   0|   32|          0|
    |reg_279                |   32|   0|   32|          0|
    |tmp_6_1_reg_472        |   64|   0|   64|          0|
    |tmp_6_2_reg_477        |   64|   0|   64|          0|
    |tmp_6_3_reg_482        |   64|   0|   64|          0|
    |tmp_6_4_reg_487        |   64|   0|   64|          0|
    |tmp_6_5_reg_492        |   64|   0|   64|          0|
    |tmp_6_6_reg_497        |   64|   0|   64|          0|
    |tmp_6_7_reg_502        |   64|   0|   64|          0|
    |tmp_8_1_reg_432        |    1|   0|    1|          0|
    |tmp_8_3_reg_442        |    1|   0|    1|          0|
    |tmp_8_4_reg_447        |    1|   0|    1|          0|
    |tmp_8_5_reg_452        |    1|   0|    1|          0|
    |tmp_8_7_reg_462        |    1|   0|    1|          0|
    |tmp_8_8_reg_467        |    1|   0|    1|          0|
    |tmp_reg_423            |    1|   0|    1|          0|
    |totalDist_1_1_reg_513  |   64|   0|   64|          0|
    |totalDist_1_2_reg_519  |   64|   0|   64|          0|
    |totalDist_1_3_reg_525  |   64|   0|   64|          0|
    |totalDist_1_4_reg_531  |   64|   0|   64|          0|
    |totalDist_1_5_reg_537  |   64|   0|   64|          0|
    |totalDist_1_6_reg_543  |   64|   0|   64|          0|
    |totalDist_1_7_reg_549  |   64|   0|   64|          0|
    |totalDist_1_8_reg_555  |   64|   0|   64|          0|
    |totalDist_1_reg_507    |   64|   0|   64|          0|
    +-----------------------+-----+----+-----+-----------+
    |Total                  | 1753|   0| 1753|          0|
    +-----------------------+-----+----+-----+-----------+



================================================================
== Interface
================================================================
* Summary: 
+-------------------+-----+-----+------------+--------------------------+--------------+
|     RTL Ports     | Dir | Bits|  Protocol  |       Source Object      |    C Type    |
+-------------------+-----+-----+------------+--------------------------+--------------+
|ap_clk             |  in |    1| ap_ctrl_hs | DistCalc::DistCalcThread | return value |
|ap_rst             |  in |    1| ap_ctrl_hs | DistCalc::DistCalcThread | return value |
|busy               | out |    1|   ap_vld   |           busy           |    pointer   |
|busy_ap_vld        | out |    1|   ap_vld   |           busy           |    pointer   |
|numberOfPoints     |  in |   32|   ap_none  |      numberOfPoints      |    pointer   |
|ready              |  in |    1|   ap_none  |           ready          |    pointer   |
|x_dout             |  in |   32|   ap_fifo  |             x            |    pointer   |
|x_empty_n          |  in |    1|   ap_fifo  |             x            |    pointer   |
|x_read             | out |    1|   ap_fifo  |             x            |    pointer   |
|y_dout             |  in |   32|   ap_fifo  |             y            |    pointer   |
|y_empty_n          |  in |    1|   ap_fifo  |             y            |    pointer   |
|y_read             | out |    1|   ap_fifo  |             y            |    pointer   |
|outputDist         | out |   32|   ap_vld   |        outputDist        |    pointer   |
|outputDist_ap_vld  | out |    1|   ap_vld   |        outputDist        |    pointer   |
+-------------------+-----+-----+------------+--------------------------+--------------+

